       1 -77.700826
       2 -77.305415
       3 -77.092190
       4 -76.935623
       5 -77.084386
       6 -78.484498
       7 -76.817125
       8 -77.270205
       9 -78.371183
      10 -77.542233
      11 -78.538474
      12 -78.213364
      13 -78.188104
      14 -76.457341
      15 -77.405504
      16 -77.687004
      17 -78.684914
      18 -78.703859
      19 -77.466391
      20 -76.709350
      21 -77.347715
      22 -77.459719
      23 -77.824447
      24 -78.487953
      25 -77.521262
      26 -76.780068
      27 -76.965828
      28 -76.970713
      29 -78.462991
      30 -76.768748
      31 -78.360161
      32 -76.541523
      33 -77.617001
      34 -76.472831
      35 -78.438385
      36 -78.239876
      37 -77.889386
      38 -74.385085
      39 -78.929834
      40 -78.428317
      41 -76.598836
      42 -76.874199
      43 -77.278487
      44 -78.149498
      45 -77.438450
      46 -78.193585
      47 -77.301007
      48 -77.212773
      49 -77.108872
      50 -78.514167
      51 -76.162555
      52 -76.485699
      53 -80.530064
      54 -78.554143
      55 -75.923593
      56 -78.253578
      57 -78.687654
      58 -77.014264
      59 -77.764156
      60 -77.338897
      61 -78.377796
      62 -77.366660
      63 -77.565110
      64 -78.022540
      65 -77.856142
      66 -77.221710
      67 -78.506005
      68 -78.136868
      69 -77.924536
      70 -78.862571
      71 -78.013782
      72 -77.152661
      73 -77.737882
      74 -77.021651
      75 -77.861385
      76 -77.130319
      77 -78.704634
      78 -77.119655
      79 -77.863828
      80 -77.774880
      81 -77.480809
      82 -76.029461
      83 -78.713928
      84 -77.389597
      85 -75.835420
      86 -77.409138
      87 -76.860794
      88 -77.127936
      89 -77.272231
      90 -77.257754
      91 -78.491170
      92 -78.121973
      93 -76.558800
      94 -78.361234
      95 -78.044881
      96 -78.022540
      97 -80.278293
      98 -78.303087
      99 -77.082956
     100 -79.211750
     101 -79.060962
     102 -78.231952
     103 -77.001097
     104 -78.993700
     105 -77.110421
     106 -77.749262
     107 -77.635053
     108 -77.024392
     109 -78.988636
     110 -78.254889
     111 -76.537531
     112 -76.461333
     113 -79.308265
     114 -77.832490
     115 -76.061573
     116 -75.772030
     117 -78.493077
     118 -77.017898
     119 -77.278308
     120 -77.621291
     121 -77.502674
     122 -78.090517
     123 -77.760522
     124 -78.276873
     125 -78.145983
     126 -77.291534
     127 -78.171720
     128 -78.439756
     129 -77.616286
     130 -78.089802
     131 -77.418254
     132 -77.049593
     133 -76.638752
     134 -76.475869
     135 -77.595196
     136 -79.354020
     137 -76.974228
     138 -77.398653
     139 -77.332284
     140 -78.285333
     141 -78.738354
     142 -77.352600
     143 -78.682173
     144 -76.994365
     145 -77.361000
     146 -78.169099
     147 -77.254775
     148 -78.395073
     149 -77.681165
     150 -76.721921
     151 -79.254288
     152 -75.685882
     153 -77.322454
     154 -77.570889
     155 -76.480278
     156 -77.001097
     157 -76.885519
     158 -76.819091
     159 -75.351538
     160 -77.836363
     161 -77.341042
     162 -77.338123
     163 -78.420631
     164 -78.371600
     165 -77.732938
     166 -79.613297
     167 -79.071388
     168 -78.699748
     169 -76.729130
     170 -77.232791
     171 -79.593995
     172 -75.340099
     173 -78.022480
     174 -77.867938
     175 -77.087603
     176 -78.165405
     177 -75.179063
     178 -78.812467
     179 -77.909702
     180 -76.738305
     181 -78.354144
     182 -76.793473
     183 -76.434404
     184 -76.493087
     185 -78.454054
     186 -77.042861
     187 -78.904454
     188 -77.962963
     189 -75.601105
     190 -77.623376
     191 -78.731324
     192 -78.984406
     193 -77.508989
     194 -78.698497
     195 -77.616227
     196 -77.761356
     197 -78.292542
     198 -76.762135
     199 -77.565944
     200 -76.933657
     201 -78.284082
     202 -76.708993
     203 -75.741646
     204 -78.238029
     205 -78.002105
     206 -78.284499
     207 -77.928826
     208 -77.403776
     209 -78.206453
     210 -79.019437
     211 -78.524950
     212 -76.099345
     213 -76.682720
     214 -78.688012
     215 -76.822308
     216 -77.982862
     217 -76.715308
     218 -78.056320
     219 -77.349740
     220 -77.000978
     221 -76.852573
     222 -76.869493
     223 -77.251141
     224 -78.402580
     225 -76.194012
     226 -75.889039
     227 -77.326982
     228 -78.695876
     229 -77.110540
     230 -76.181918
     231 -77.761356
     232 -78.289861
     233 -76.958619
     234 -77.180900
     235 -76.859484
     236 -77.131153
     237 -77.907080
     238 -76.867109
     239 -77.419981
     240 -77.902255
     241 -77.088020
     242 -77.609197
     243 -76.577209
     244 -76.193654
     245 -76.037742
     246 -78.273656
     247 -76.594904
     248 -77.275150
     249 -78.461680
     250 -78.522031
     251 -76.712746
     252 -77.520011
     253 -77.257873
     254 -77.256681
     255 -76.445723
     256 -80.091639
     257 -77.307024
     258 -77.354447
     259 -78.767547
     260 -78.389771
     261 -76.941997
     262 -77.034818
     263 -78.347829
     264 -77.628142
     265 -74.294766
     266 -78.291648
     267 -79.240109
     268 -76.741403
     269 -76.983284
     270 -78.365880
     271 -77.865377
     272 -76.788468
     273 -78.175295
     274 -78.894445
     275 -78.028200
     276 -77.875445
     277 -77.183938
     278 -76.876999
     279 -78.159209
     280 -78.944311
     281 -78.008837
     282 -76.328596
     283 -77.757305
     284 -76.939019
     285 -79.097363
     286 -77.304402
     287 -76.900711
     288 -78.233263
     289 -77.345630
     290 -78.472225
     291 -77.440595
     292 -78.098202
     293 -78.114348
     294 -78.153787
     295 -77.092488
     296 -78.021825
     297 -77.848576
     298 -77.397461
     299 -77.915064
     300 -78.839634
     301 -77.109348
     302 -76.327940
     303 -77.384116
     304 -78.768321
     305 -76.720968
     306 -76.504943
     307 -77.490937
     308 -77.199250
     309 -78.940557
     310 -77.677591
     311 -76.892072
     312 -77.649888
     313 -77.080275
     314 -78.238088
     315 -77.083135
     316 -76.838870
     317 -78.965401
     318 -75.399616
     319 -77.912919
     320 -78.103207
     321 -77.937286
     322 -76.638990
     323 -77.755577
     324 -78.968618
     325 -77.227668
     326 -77.291355
     327 -78.695459
     328 -77.347893
     329 -76.362316
     330 -79.596020
     331 -76.702797
     332 -78.279375
     333 -77.029575
     334 -76.231784
     335 -80.328933
     336 -77.811638
     337 -77.079977
     338 -76.543012
     339 -77.595196
     340 -78.434394
     341 -76.378402
     342 -76.967317
     343 -77.519772
     344 -76.984476
     345 -76.973216
     346 -76.743011
     347 -77.390431
     348 -78.827183
     349 -76.357431
     350 -77.826354
     351 -78.847141
     352 -76.807592
     353 -77.859479
     354 -77.199905
     355 -76.632735
     356 -78.029630
     357 -76.934729
     358 -75.846561
     359 -77.601452
     360 -77.503865
     361 -78.305887
     362 -77.165887
     363 -77.350753
     364 -77.713277
     365 -78.032370
     366 -77.876994
     367 -76.503334
     368 -78.226650
     369 -76.927461
     370 -78.493613
     371 -76.623679
     372 -76.406820
     373 -78.326262
     374 -76.581797
     375 -76.878310
     376 -78.712796
     377 -77.945924
     378 -79.013539
     379 -77.851138
     380 -77.432314
     381 -78.275443
     382 -78.743061
     383 -77.332344
     384 -77.205446
     385 -78.093853
     386 -77.573093
     387 -77.911549
     388 -77.411700
     389 -77.518819
     390 -76.190914
     391 -78.661202
     392 -78.887475
     393 -77.195258
     394 -76.491061
     395 -77.459659
     396 -78.216641
     397 -77.482715
     398 -76.815635
     399 -78.542406
     400 -77.577145
     401 -78.148545
     402 -78.747886
     403 -77.191624
     404 -79.184405
     405 -76.298629
     406 -78.448513
     407 -77.076939
     408 -78.387507
     409 -78.545862
     410 -76.686652
     411 -76.801218
     412 -76.153202
     413 -77.175061
     414 -77.901242
     415 -76.771251
     416 -77.742410
     417 -77.454893
     418 -77.813068
     419 -77.662220
     420 -79.056613
     421 -78.142706
     422 -78.222301
     423 -76.361839
     424 -75.943671
     425 -78.663645
     426 -78.515954
     427 -76.897851
     428 -77.045482
     429 -78.968797
     430 -76.746050
     431 -77.073841
     432 -78.641601
     433 -76.360767
     434 -75.704530
     435 -77.122753
     436 -77.309288
     437 -76.947657
     438 -76.517215
     439 -76.665561
     440 -77.867462
     441 -77.636245
     442 -76.228566
     443 -76.261334
     444 -78.108747
     445 -78.704514
     446 -77.893497
     447 -75.293450
     448 -78.404248
     449 -77.591205
     450 -77.253941
     451 -77.987747
     452 -76.926567
     453 -79.227538
     454 -76.789004
     455 -77.804728
     456 -77.375060
     457 -78.335377
     458 -78.120186
     459 -77.879854
     460 -77.583996
     461 -76.977803
     462 -78.260847
     463 -77.061091
     464 -78.361770
     465 -77.615035
     466 -77.743900
     467 -78.130195
     468 -78.552356
     469 -76.429578
     470 -78.552415
     471 -78.003595
     472 -76.623322
     473 -75.836194
     474 -77.472945
     475 -77.677650
     476 -76.422310
     477 -77.464962
     478 -77.194245
     479 -77.686289
     480 -77.508870
     481 -77.900765
     482 -78.373625
     483 -77.296657
     484 -76.384717
     485 -77.424330
     486 -77.591622
     487 -76.776136
     488 -77.707141
     489 -76.418914
     490 -77.934545
     491 -79.594829
     492 -77.877769
     493 -79.735311
     494 -78.352714
     495 -77.280870
     496 -78.707851
     497 -77.524538
     498 -78.312917
     499 -76.344503
     500 -77.420875
     501 -77.183343
     502 -78.580774
     503 -76.404913
     504 -75.961186
     505 -78.620035
     506 -76.802767
     507 -77.481703
     508 -76.442208
     509 -79.458696
     510 -78.256855
     511 -78.544074
     512 -77.300113
     513 -77.052393
     514 -76.302620
     515 -77.435352
     516 -78.967069
     517 -77.074198
     518 -77.167972
     519 -78.327632
     520 -78.371302
     521 -78.079614
     522 -76.989420
     523 -77.923226
     524 -75.818142
     525 -78.037315
     526 -78.179763
     527 -77.076998
     528 -77.972019
     529 -78.850954
     530 -77.359332
     531 -76.983463
     532 -76.927341
     533 -78.243093
     534 -76.431783
     535 -78.014735
     536 -78.272226
     537 -76.536876
     538 -77.306309
     539 -78.571241
     540 -77.742172
     541 -78.581965
     542 -77.469430
     543 -77.416466
     544 -77.313935
     545 -77.280572
     546 -77.412355
     547 -80.509867
     548 -78.795667
     549 -77.175478
     550 -77.339791
     551 -77.285814
     552 -78.683543
     553 -77.002646
     554 -76.440302
     555 -78.102909
     556 -77.964095
     557 -77.180185
     558 -76.907383
     559 -76.687843
     560 -77.794600
     561 -76.710244
     562 -77.327756
     563 -77.409019
     564 -75.966906
     565 -79.240764
     566 -78.867338
     567 -77.024213
     568 -76.465324
     569 -78.465969
     570 -79.897180
     571 -78.092960
     572 -78.171065
     573 -77.259124
     574 -77.757424
     575 -78.189474
     576 -75.788950
     577 -75.952607
     578 -77.486528
     579 -76.929129
     580 -77.670382
     581 -77.178755
     582 -76.114834
     583 -78.060371
     584 -78.283605
     585 -78.129004
     586 -75.755885
     587 -77.726920
     588 -78.185423
     589 -76.935086
     590 -77.717269
     591 -77.625938
     592 -77.959031
     593 -76.636846
     594 -77.142294
     595 -77.800676
     596 -78.201270
     597 -77.219148
     598 -75.428809
     599 -78.238684
     600 -77.981313
     601 -76.723768
     602 -77.837197
     603 -79.212585
     604 -78.201985
     605 -77.570234
     606 -77.103689
     607 -76.982092
     608 -78.005203
     609 -77.717686
     610 -76.655374
     611 -76.593891
     612 -76.310365
     613 -78.307555
     614 -77.670263
     615 -77.204492
     616 -80.110763
     617 -77.652390
     618 -77.273661
     619 -76.533003
     620 -77.755279
     621 -78.429687
     622 -76.979471
     623 -78.377319
     624 -78.203236
     625 -76.229460
     626 -78.327334
     627 -77.729661
     628 -78.466148
     629 -76.094340
     630 -78.004250
     631 -76.992697
     632 -80.179217
     633 -76.814384
     634 -76.506492
     635 -77.301066
     636 -77.793885
     637 -77.581017
     638 -78.173567
     639 -78.323283
     640 -77.389835
     641 -76.863297
     642 -78.450122
     643 -77.775356
     644 -78.007586
     645 -78.376426
     646 -76.637501
     647 -78.393465
     648 -77.867819
     649 -77.800736
     650 -77.393708
     651 -78.778568
     652 -77.710060
     653 -79.854523
     654 -78.839813
     655 -76.787813
     656 -76.830410
     657 -77.883845
     658 -79.286460
     659 -76.780545
     660 -75.349095
     661 -77.746402
     662 -78.726439
     663 -77.432254
     664 -76.511198
     665 -77.797817
     666 -78.876215
     667 -78.778151
     668 -77.762011
     669 -77.929302
     670 -78.527810
     671 -79.445589
     672 -75.964344
     673 -76.916916
     674 -77.169282
     675 -78.318934
     676 -77.078249
     677 -78.706600
     678 -77.981372
     679 -78.090934
     680 -78.060848
     681 -76.681707
     682 -77.543543
     683 -77.673123
     684 -76.725555
     685 -78.333113
     686 -76.640361
     687 -79.226406
     688 -79.072698
     689 -76.692252
     690 -76.515428
     691 -78.757657
     692 -79.191554
     693 -76.775540
     694 -77.898859
     695 -78.999419
     696 -76.411050
     697 -78.079853
     698 -79.028433
     699 -75.502863
     700 -77.622423
     701 -79.528996
     702 -78.555394
     703 -77.637555
     704 -79.135075
     705 -77.447327
     706 -77.313518
     707 -77.538658
     708 -77.210510
     709 -77.864960
     710 -76.424157
     711 -77.308156
     712 -78.191440
     713 -75.452997
     714 -78.395550
     715 -77.927694
     716 -76.854539
     717 -77.833205
     718 -77.603835
     719 -77.420875
     720 -77.313935
     721 -77.891531
     722 -77.365766
     723 -76.476882
     724 -77.033924
     725 -78.559564
     726 -76.535684
     727 -77.893437
     728 -76.346171
     729 -78.481400
     730 -75.758447
     731 -76.413373
     732 -78.414853
     733 -76.155942
     734 -77.423556
     735 -77.448697
     736 -76.730381
     737 -77.226953
     738 -78.613183
     739 -77.903387
     740 -77.298683
     741 -77.753313
     742 -79.636830
     743 -75.819334
     744 -77.767016
     745 -77.108395
     746 -77.743542
     747 -77.967908
     748 -77.386857
     749 -77.680272
     750 -77.871096
     751 -77.423854
     752 -76.530859
     753 -78.390843
     754 -77.903744
     755 -79.023846
     756 -77.603835
     757 -77.681285
     758 -78.662275
     759 -78.126501
     760 -77.662458
     761 -76.810631
     762 -78.371898
     763 -78.216760
     764 -77.063236
     765 -76.883553
     766 -77.891590
     767 -78.175056
     768 -77.244230
     769 -77.968861
     770 -77.424628
     771 -76.321863
     772 -77.127340
     773 -77.806813
     774 -78.237969
     775 -78.156707
     776 -77.386023
     777 -78.292899
     778 -76.818912
     779 -76.859364
     780 -79.336504
     781 -76.981020
     782 -75.874681
     783 -78.708685
     784 -77.633504
     785 -76.214149
     786 -75.841318
     787 -76.896302
     788 -77.441667
     789 -77.630049
     790 -76.955402
     791 -77.503865
     792 -78.016463
     793 -77.672646
     794 -77.917506
     795 -77.047984
     796 -77.060793
     797 -78.901237
     798 -77.781016
     799 -76.712985
     800 -79.126198
     801 -77.828022
     802 -77.845001
     803 -76.275513
     804 -76.418735
     805 -78.304814
     806 -79.692892
     807 -78.635108
     808 -75.876230
     809 -78.027664
     810 -77.552361
     811 -79.000968
     812 -77.532581
     813 -76.620819
     814 -78.900164
     815 -79.062630
     816 -77.468536
     817 -75.619395
     818 -76.685401
     819 -78.890930
     820 -77.942528
     821 -75.980549
     822 -77.490877
     823 -77.918519
     824 -76.661629
     825 -77.063593
     826 -79.163076
     827 -77.248877
     828 -78.196504
     829 -77.213071
     830 -77.285338
     831 -77.427547
     832 -77.530853
     833 -78.919110
     834 -77.337408
     835 -77.144379
     836 -78.659415
     837 -77.239583
     838 -76.189127
     839 -76.576375
     840 -77.996922
     841 -77.311015
     842 -76.429042
     843 -78.506124
     844 -78.390426
     845 -76.867705
     846 -77.305594
     847 -78.671152
     848 -77.488673
     849 -77.874134
     850 -79.511362
     851 -77.239643
     852 -78.458165
     853 -77.561953
     854 -78.456080
     855 -78.045775
     856 -78.414257
     857 -77.711728
     858 -78.044822
     859 -76.622785
     860 -78.619439
     861 -76.831006
     862 -77.455370
     863 -77.792514
     864 -76.498032
     865 -77.507559
     866 -77.204194
     867 -76.077956
     868 -77.291772
     869 -77.420398
     870 -78.334007
     871 -78.720124
     872 -77.135920
     873 -77.406994
     874 -77.609197
     875 -77.683608
     876 -77.689923
     877 -76.777029
     878 -78.022123
     879 -78.709340
     880 -77.514589
     881 -77.472528
     882 -79.320120
     883 -78.145685
     884 -76.774944
     885 -77.219923
     886 -78.083606
     887 -78.382383
     888 -77.084743
     889 -75.451150
     890 -78.635465
     891 -77.759151
     892 -76.963683
     893 -77.208782
     894 -76.999012
     895 -77.696894
     896 -77.665497
     897 -78.642257
     898 -77.405266
     899 -77.801272
     900 -77.621589
     901 -78.780594
     902 -78.918157
     903 -77.136694
     904 -77.093441
     905 -78.291767
     906 -79.241181
     907 -77.707796
     908 -78.495281
     909 -78.968439
     910 -75.640961
     911 -78.337582
     912 -76.681230
     913 -77.951346
     914 -77.190730
     915 -77.030350
     916 -76.695052
     917 -76.786264
     918 -78.209849
     919 -77.431241
     920 -76.781200
     921 -77.347476
     922 -77.426356
     923 -77.197641
     924 -77.396865
     925 -77.069909
     926 -78.142110
     927 -76.444532
     928 -77.469787
     929 -77.412177
     930 -79.457802
     931 -77.494214
     932 -77.156712
     933 -77.304224
     934 -77.442859
     935 -78.767547
     936 -74.613502
     937 -77.874849
     938 -78.220037
     939 -77.223080
     940 -78.026651
     941 -77.743542
     942 -78.360936
     943 -79.808888
     944 -76.251503
     945 -79.539244
     946 -78.175533
     947 -77.154329
     948 -77.511848
     949 -77.872943
     950 -78.095641
     951 -77.124123
     952 -79.327746
     953 -76.833568
     954 -76.906788
     955 -78.687952
     956 -77.239940
     957 -78.145089
     958 -77.590430
     959 -77.954265
     960 -76.963266
     961 -77.250962
     962 -78.702251
     963 -77.338063
     964 -76.923886
     965 -76.416293
     966 -78.159149
     967 -79.021343
     968 -79.034569
     969 -77.019805
     970 -75.751357
     971 -78.243987
     972 -77.555518
     973 -76.783762
     974 -77.301483
     975 -78.168265
     976 -79.724229
     977 -77.026358
     978 -75.816474
     979 -79.118870
     980 -78.822119
     981 -78.242914
     982 -76.275275
     983 -78.342943
     984 -77.318343
     985 -78.114586
     986 -77.128592
     987 -76.901545
     988 -77.762726
     989 -77.133775
     990 -78.148366
     991 -76.582571
     992 -76.608010
     993 -77.931388
     994 -76.944738
     995 -77.922034
     996 -76.593593
     997 -77.484920
     998 -77.635291
     999 -76.461571
    1000 -78.060192
