       1 -56.821307
       2 -57.629281
       3 -55.584340
       4 -57.842238
       5 -57.845169
       6 -57.123886
       7 -55.811750
       8 -58.045817
       9 -56.465724
      10 -56.096974
      11 -58.317886
      12 -56.968664
      13 -57.373530
      14 -56.772520
      15 -58.271869
      16 -58.216361
      17 -55.708599
      18 -57.677585
      19 -57.662590
      20 -55.457585
      21 -58.619368
      22 -56.588672
      23 -55.512866
      24 -57.047413
      25 -57.819277
      26 -58.151637
      27 -57.536460
      28 -58.422032
      29 -56.866866
      30 -55.950076
      31 -58.230457
      32 -55.734676
      33 -54.706853
      34 -56.690483
      35 -56.460505
      36 -57.619200
      37 -55.313099
      38 -59.231828
      39 -57.016922
      40 -57.631235
      41 -57.321031
      42 -57.022975
      43 -56.672133
      44 -57.259744
      45 -56.318945
      46 -59.300300
      47 -56.383776
      48 -57.606415
      49 -57.825211
      50 -56.671889
      51 -58.267854
      52 -59.766690
      53 -56.805555
      54 -57.360673
      55 -56.727355
      56 -58.115975
      57 -56.734969
      58 -57.429306
      59 -56.885883
      60 -59.322933
      61 -56.854212
      62 -56.672652
      63 -56.376037
      64 -57.803983
      65 -57.620660
      66 -55.876338
      67 -56.343288
      68 -59.021415
      69 -57.919467
      70 -56.527529
      71 -56.555339
      72 -57.952901
      73 -56.701779
      74 -57.709370
      75 -57.373143
      76 -58.619052
      77 -57.352541
      78 -58.585844
      79 -55.404556
      80 -58.181503
      81 -57.996869
      82 -56.868879
      83 -57.617943
      84 -59.145567
      85 -56.275859
      86 -57.153007
      87 -57.376884
      88 -56.587552
      89 -58.029463
      90 -57.536466
      91 -56.528696
      92 -58.587709
      93 -55.661278
      94 -55.895241
      95 -58.734095
      96 -55.925006
      97 -58.037065
      98 -55.814223
      99 -58.435067
     100 -55.753884
     101 -57.953253
     102 -56.137802
     103 -56.401286
     104 -57.301478
     105 -58.246757
     106 -56.719384
     107 -56.852663
     108 -57.881338
     109 -57.231004
     110 -54.437382
     111 -56.134900
     112 -57.884674
     113 -55.738894
     114 -57.401430
     115 -59.707471
     116 -56.374357
     117 -56.898995
     118 -58.258035
     119 -58.338613
     120 -57.713224
     121 -58.853689
     122 -58.130934
     123 -56.031368
     124 -57.633308
     125 -55.912584
     126 -58.187282
     127 -57.850316
     128 -59.498756
     129 -56.592181
     130 -58.730157
     131 -55.691495
     132 -58.302271
     133 -55.862486
     134 -57.160817
     135 -57.064958
     136 -57.331647
     137 -57.814368
     138 -58.157178
     139 -57.319780
     140 -57.941707
     141 -56.557228
     142 -58.774881
     143 -55.390847
     144 -58.498654
     145 -57.309932
     146 -56.191874
     147 -56.631532
     148 -58.058680
     149 -57.870364
     150 -56.818162
     151 -55.591579
     152 -58.328193
     153 -55.891321
     154 -56.584633
     155 -57.777102
     156 -57.261609
     157 -56.716119
     158 -57.730394
     159 -57.803382
     160 -57.638753
     161 -56.909505
     162 -57.050416
     163 -56.970440
     164 -56.338069
     165 -56.021734
     166 -56.855874
     167 -56.665979
     168 -57.579772
     169 -57.150373
     170 -57.750525
     171 -55.346206
     172 -57.704645
     173 -56.375549
     174 -57.683674
     175 -58.310826
     176 -57.248919
     177 -58.150630
     178 -58.238518
     179 -57.051768
     180 -55.897303
     181 -57.129563
     182 -56.645354
     183 -57.413810
     184 -56.280810
     185 -57.753629
     186 -58.089207
     187 -57.587035
     188 -56.921754
     189 -58.497420
     190 -55.978637
     191 -57.856804
     192 -55.808224
     193 -57.412701
     194 -58.179096
     195 -59.011293
     196 -57.704895
     197 -57.756304
     198 -55.449661
     199 -59.601722
     200 -55.274059
     201 -57.838854
     202 -58.528585
     203 -56.345582
     204 -57.314680
     205 -58.818390
     206 -57.806539
     207 -55.997219
     208 -58.802376
     209 -55.450960
     210 -57.166465
     211 -55.690786
     212 -57.973217
     213 -57.541733
     214 -57.308222
     215 -55.382864
     216 -57.752110
     217 -56.528107
     218 -57.853515
     219 -57.168675
     220 -58.564831
     221 -55.468595
     222 -57.354715
     223 -57.534840
     224 -56.320804
     225 -56.670638
     226 -57.524068
     227 -55.387850
     228 -57.765348
     229 -57.870191
     230 -57.809596
     231 -57.762548
     232 -57.139227
     233 -58.719433
     234 -57.522579
     235 -55.993209
     236 -57.941165
     237 -54.961883
     238 -57.190093
     239 -57.854081
     240 -56.697579
     241 -56.671335
     242 -57.981016
     243 -58.818128
     244 -56.406433
     245 -56.206535
     246 -58.257755
     247 -55.515315
     248 -56.781010
     249 -55.116187
     250 -54.918177
     251 -57.896762
     252 -57.656680
     253 -56.995492
     254 -56.106911
     255 -56.801159
     256 -59.421109
     257 -57.010630
     258 -56.969689
     259 -56.847700
     260 -58.366387
     261 -57.641679
     262 -58.736353
     263 -57.589734
     264 -57.666331
     265 -57.028914
     266 -58.382580
     267 -55.923516
     268 -56.745871
     269 -57.090803
     270 -57.485957
     271 -57.230164
     272 -57.359470
     273 -58.481370
     274 -57.765682
     275 -56.862719
     276 -58.745105
     277 -59.075803
     278 -56.888981
     279 -59.840506
     280 -57.943893
     281 -56.185314
     282 -56.377181
     283 -57.996196
     284 -58.440167
     285 -57.338957
     286 -56.362722
     287 -57.875970
     288 -57.355579
     289 -57.750495
     290 -56.586611
     291 -56.131701
     292 -56.244945
     293 -58.429622
     294 -58.484492
     295 -58.124625
     296 -58.875077
     297 -57.852407
     298 -56.238570
     299 -56.047263
     300 -56.038767
     301 -58.388038
     302 -54.086397
     303 -59.445369
     304 -56.427345
     305 -59.328897
     306 -57.130064
     307 -58.109433
     308 -56.101841
     309 -58.273507
     310 -54.994400
     311 -59.561645
     312 -57.297522
     313 -58.101271
     314 -58.010107
     315 -58.318547
     316 -56.055371
     317 -58.317529
     318 -57.279845
     319 -57.009576
     320 -57.500905
     321 -58.481662
     322 -55.373915
     323 -58.849090
     324 -57.258583
     325 -57.640856
     326 -57.583847
     327 -56.706038
     328 -55.757732
     329 -58.817472
     330 -57.791591
     331 -55.712889
     332 -57.178917
     333 -56.593915
     334 -56.074341
     335 -57.206882
     336 -58.409432
     337 -57.060484
     338 -57.511986
     339 -55.271789
     340 -56.433386
     341 -56.441744
     342 -58.594673
     343 -59.941667
     344 -57.199411
     345 -59.601722
     346 -58.466250
     347 -57.504152
     348 -56.335978
     349 -55.979751
     350 -57.070076
     351 -57.933658
     352 -56.664317
     353 -57.960354
     354 -57.861088
     355 -56.338128
     356 -57.624634
     357 -56.634475
     358 -54.607735
     359 -54.800031
     360 -56.108657
     361 -57.363664
     362 -57.523693
     363 -55.758078
     364 -57.693576
     365 -54.533086
     366 -59.041743
     367 -55.335262
     368 -56.536275
     369 -56.230831
     370 -56.249317
     371 -57.408483
     372 -58.987063
     373 -55.900663
     374 -58.786040
     375 -56.565056
     376 -57.461626
     377 -58.065263
     378 -59.202249
     379 -55.539902
     380 -58.489652
     381 -57.559165
     382 -57.349342
     383 -57.905466
     384 -57.713224
     385 -55.959662
     386 -57.496174
     387 -55.661677
     388 -55.485508
     389 -57.216051
     390 -58.057429
     391 -57.021872
     392 -58.861059
     393 -56.825102
     394 -58.583693
     395 -56.961325
     396 -59.838599
     397 -58.103892
     398 -58.680696
     399 -58.134408
     400 -58.081611
     401 -55.965131
     402 -56.999084
     403 -57.849214
     404 -56.997523
     405 -58.251321
     406 -58.651492
     407 -57.420917
     408 -57.420339
     409 -55.765322
     410 -57.759360
     411 -56.828474
     412 -57.620028
     413 -57.832544
     414 -57.870703
     415 -58.030327
     416 -56.058011
     417 -59.441509
     418 -57.245488
     419 -57.071136
     420 -56.544836
     421 -59.129088
     422 -55.439557
     423 -57.670186
     424 -56.103635
     425 -57.455055
     426 -57.219923
     427 -58.135665
     428 -56.381804
     429 -58.317678
     430 -56.208984
     431 -58.235110
     432 -58.746916
     433 -56.454196
     434 -57.507518
     435 -57.983828
     436 -56.723590
     437 -57.543633
     438 -56.732455
     439 -58.660941
     440 -58.069004
     441 -56.100358
     442 -57.152262
     443 -56.105547
     444 -56.506796
     445 -56.800336
     446 -56.056742
     447 -58.564301
     448 -56.806103
     449 -57.150749
     450 -56.371450
     451 -57.168884
     452 -57.227817
     453 -54.853846
     454 -55.811953
     455 -56.282418
     456 -57.919246
     457 -57.451700
     458 -55.915176
     459 -57.709239
     460 -59.299692
     461 -57.541447
     462 -56.328340
     463 -56.470812
     464 -57.769596
     465 -57.561923
     466 -56.668183
     467 -57.179822
     468 -57.204606
     469 -58.130106
     470 -57.273221
     471 -57.983214
     472 -56.015789
     473 -59.732493
     474 -55.810368
     475 -57.287382
     476 -55.857237
     477 -59.512536
     478 -56.681683
     479 -59.178501
     480 -57.634124
     481 -56.464348
     482 -57.059233
     483 -56.926985
     484 -57.858585
     485 -56.026018
     486 -56.736077
     487 -55.875235
     488 -56.160697
     489 -55.840043
     490 -58.134306
     491 -55.509589
     492 -60.787120
     493 -57.424837
     494 -58.923686
     495 -56.603888
     496 -58.734792
     497 -55.939072
     498 -60.137555
     499 -56.912990
     500 -57.855058
     501 -56.269711
     502 -59.125317
     503 -56.049855
     504 -59.563283
     505 -56.387845
     506 -55.082514
     507 -56.252457
     508 -57.386309
     509 -56.306571
     510 -56.050218
     511 -57.539177
     512 -57.330998
     513 -58.483611
     514 -56.838603
     515 -57.890280
     516 -55.550667
     517 -58.474871
     518 -57.242145
     519 -57.752825
     520 -55.427082
     521 -58.793886
     522 -57.496645
     523 -55.848855
     524 -57.242401
     525 -57.966824
     526 -57.420393
     527 -57.653653
     528 -56.474523
     529 -59.211286
     530 -55.624000
     531 -56.143086
     532 -57.698145
     533 -56.676381
     534 -56.087811
     535 -57.114365
     536 -56.006221
     537 -56.041282
     538 -57.214609
     539 -58.759647
     540 -55.690708
     541 -58.789865
     542 -57.242902
     543 -57.761416
     544 -57.713683
     545 -58.628507
     546 -55.890564
     547 -57.712730
     548 -56.766372
     549 -59.380103
     550 -55.513009
     551 -57.020466
     552 -57.499368
     553 -57.656132
     554 -56.408322
     555 -59.554103
     556 -58.720076
     557 -57.598027
     558 -57.440089
     559 -55.548362
     560 -56.232767
     561 -59.450642
     562 -57.639826
     563 -56.223562
     564 -56.961599
     565 -56.970035
     566 -57.482448
     567 -55.069258
     568 -57.447012
     569 -56.692705
     570 -57.482496
     571 -57.417319
     572 -56.336746
     573 -55.904219
     574 -57.331695
     575 -58.596776
     576 -57.453607
     577 -56.611824
     578 -58.010482
     579 -58.365333
     580 -55.440099
     581 -59.475753
     582 -57.811919
     583 -57.696287
     584 -57.680254
     585 -59.479244
     586 -56.043123
     587 -57.814594
     588 -57.129486
     589 -56.095669
     590 -57.800206
     591 -54.242018
     592 -57.967396
     593 -55.154810
     594 -57.220781
     595 -56.923761
     596 -55.596017
     597 -59.117959
     598 -58.277708
     599 -56.957994
     600 -57.916565
     601 -57.107436
     602 -59.020134
     603 -58.161235
     604 -58.363796
     605 -56.385295
     606 -58.916137
     607 -57.079137
     608 -58.258619
     609 -58.955512
     610 -58.016857
     611 -56.027090
     612 -58.767922
     613 -55.053291
     614 -56.851835
     615 -56.139112
     616 -57.777245
     617 -57.467417
     618 -57.428573
     619 -59.226449
     620 -58.143445
     621 -56.470621
     622 -59.173157
     623 -55.690977
     624 -58.184667
     625 -55.434338
     626 -56.738263
     627 -58.301485
     628 -55.741635
     629 -57.543014
     630 -58.960617
     631 -56.913479
     632 -58.018340
     633 -56.607713
     634 -58.954445
     635 -58.305834
     636 -57.881636
     637 -56.453374
     638 -56.791150
     639 -58.151119
     640 -58.956560
     641 -56.828373
     642 -59.015791
     643 -56.905251
     644 -56.017147
     645 -55.621474
     646 -57.642602
     647 -57.246310
     648 -56.952311
     649 -57.722328
     650 -58.341741
     651 -58.051763
     652 -57.138762
     653 -58.301771
     654 -55.724721
     655 -56.529668
     656 -60.316166
     657 -56.536894
     658 -58.428371
     659 -58.558546
     660 -59.960076
     661 -57.920188
     662 -57.478230
     663 -59.258465
     664 -56.136289
     665 -57.310676
     666 -57.050183
     667 -55.977028
     668 -58.127199
     669 -57.366267
     670 -57.745568
     671 -57.557699
     672 -59.667316
     673 -56.477651
     674 -58.308818
     675 -56.355555
     676 -57.079978
     677 -55.927925
     678 -57.525057
     679 -54.158586
     680 -57.432892
     681 -55.792185
     682 -55.965798
     683 -57.123439
     684 -58.036499
     685 -54.883111
     686 -56.928909
     687 -56.883952
     688 -57.883774
     689 -57.059811
     690 -58.462330
     691 -58.072609
     692 -55.504799
     693 -58.818926
     694 -55.654796
     695 -56.236884
     696 -55.277222
     697 -57.362544
     698 -57.756936
     699 -56.115675
     700 -58.682484
     701 -59.683342
     702 -56.402167
     703 -57.095104
     704 -55.904589
     705 -56.650662
     706 -56.444979
     707 -58.053729
     708 -58.567375
     709 -58.123034
     710 -56.226654
     711 -58.096290
     712 -56.564431
     713 -56.596399
     714 -57.674636
     715 -58.302807
     716 -55.407332
     717 -58.361991
     718 -57.836608
     719 -55.967401
     720 -56.504479
     721 -56.880521
     722 -55.191057
     723 -57.494030
     724 -58.775221
     725 -59.269564
     726 -55.945363
     727 -57.911674
     728 -56.323228
     729 -55.902271
     730 -56.402096
     731 -56.126351
     732 -58.330284
     733 -56.368584
     734 -57.512784
     735 -56.763727
     736 -57.811049
     737 -53.556731
     738 -59.411613
     739 -55.282787
     740 -56.607010
     741 -57.832973
     742 -56.729178
     743 -57.184993
     744 -57.888505
     745 -56.343407
     746 -58.088319
     747 -57.259744
     748 -57.764323
     749 -56.557281
     750 -56.767253
     751 -59.033575
     752 -57.710222
     753 -55.949474
     754 -57.271886
     755 -56.925036
     756 -57.596758
     757 -56.970577
     758 -57.649906
     759 -55.680420
     760 -58.108712
     761 -57.869667
     762 -59.201831
     763 -57.649733
     764 -58.379387
     765 -57.845782
     766 -56.907992
     767 -58.046514
     768 -58.191524
     769 -56.032452
     770 -58.614334
     771 -55.189406
     772 -57.422442
     773 -57.498158
     774 -57.507303
     775 -58.283695
     776 -57.391337
     777 -56.587683
     778 -57.326154
     779 -56.242979
     780 -56.630567
     781 -54.330292
     782 -57.245452
     783 -57.434203
     784 -57.226256
     785 -57.751347
     786 -59.485023
     787 -55.878053
     788 -58.949959
     789 -56.395525
     790 -57.330075
     791 -57.187365
     792 -59.201587
     793 -56.575422
     794 -58.822042
     795 -58.340424
     796 -56.498038
     797 -57.984578
     798 -56.120703
     799 -57.213036
     800 -56.950041
     801 -55.715129
     802 -57.953306
     803 -56.023438
     804 -56.418426
     805 -57.501340
     806 -56.831990
     807 -56.828361
     808 -56.264361
     809 -57.794100
     810 -57.596633
     811 -56.461565
     812 -56.856297
     813 -59.169815
     814 -57.043481
     815 -58.835745
     816 -55.444925
     817 -57.046245
     818 -56.790792
     819 -56.354035
     820 -57.713802
     821 -56.256276
     822 -56.643048
     823 -59.420067
     824 -56.551616
     825 -57.996923
     826 -58.713833
     827 -57.873777
     828 -56.870929
     829 -56.762690
     830 -56.614517
     831 -56.683381
     832 -58.538963
     833 -58.269540
     834 -59.206312
     835 -58.926599
     836 -57.878162
     837 -57.408495
     838 -55.115626
     839 -56.099971
     840 -57.571277
     841 -56.839061
     842 -58.271089
     843 -57.253554
     844 -59.701692
     845 -56.047954
     846 -57.030797
     847 -59.112907
     848 -56.248305
     849 -56.180691
     850 -59.248897
     851 -57.947742
     852 -56.923696
     853 -57.392314
     854 -56.092607
     855 -56.536036
     856 -57.066525
     857 -56.490466
     858 -58.425202
     859 -56.133578
     860 -57.739974
     861 -56.921724
     862 -56.654576
     863 -56.931804
     864 -58.380489
     865 -56.086387
     866 -54.675867
     867 -58.662335
     868 -56.514219
     869 -55.196329
     870 -60.264870
     871 -56.402114
     872 -58.290576
     873 -57.640559
     874 -58.795673
     875 -57.566415
     876 -58.558600
     877 -56.403681
     878 -57.613558
     879 -57.574011
     880 -57.929071
     881 -56.246714
     882 -58.328449
     883 -54.668348
     884 -59.887690
     885 -54.847245
     886 -58.013360
     887 -55.669606
     888 -57.392785
     889 -55.813484
     890 -57.151136
     891 -57.385153
     892 -56.775946
     893 -57.795178
     894 -57.717621
     895 -58.004000
     896 -57.272929
     897 -57.890483
     898 -57.305124
     899 -57.848231
     900 -58.706981
     901 -56.898817
     902 -57.711562
     903 -56.315906
     904 -56.176509
     905 -58.440185
     906 -54.151074
     907 -57.576454
     908 -55.921967
     909 -55.794658
     910 -57.565397
     911 -57.086597
     912 -56.823399
     913 -58.555114
     914 -55.395583
     915 -57.951328
     916 -56.808826
     917 -56.153351
     918 -57.911180
     919 -57.272410
     920 -58.841964
     921 -58.019216
     922 -58.696299
     923 -57.345541
     924 -59.698534
     925 -55.657965
     926 -59.150756
     927 -57.431492
     928 -57.393720
     929 -58.223594
     930 -58.693219
     931 -55.790863
     932 -57.661559
     933 -57.689805
     934 -56.290205
     935 -58.254985
     936 -56.394196
     937 -56.357664
     938 -59.259734
     939 -57.324874
     940 -58.028188
     941 -56.263306
     942 -57.165869
     943 -57.503729
     944 -58.104542
     945 -57.982910
     946 -59.742681
     947 -57.353965
     948 -58.310993
     949 -58.391862
     950 -57.556430
     951 -56.588619
     952 -57.805538
     953 -57.377748
     954 -58.658492
     955 -57.220733
     956 -56.963559
     957 -57.069802
     958 -57.807951
     959 -57.085101
     960 -56.496751
     961 -57.991584
     962 -57.143695
     963 -57.732193
     964 -57.384444
     965 -57.783441
     966 -55.995616
     967 -58.004346
     968 -56.111421
     969 -58.380996
     970 -54.884094
     971 -56.700367
     972 -57.199614
     973 -57.357105
     974 -55.771268
     975 -60.438358
     976 -56.929838
     977 -59.314104
     978 -57.397307
     979 -59.236624
     980 -55.828116
     981 -57.783614
     982 -57.686927
     983 -58.069290
     984 -57.406982
     985 -57.812688
     986 -57.062003
     987 -57.018959
     988 -57.470932
     989 -56.734635
     990 -54.307230
     991 -57.690758
     992 -54.947185
     993 -57.472272
     994 -57.045757
     995 -57.587357
     996 -56.488375
     997 -56.777840
     998 -56.118791
     999 -57.931209
    1000 -56.272159
