       1 -54.617935
       2 -56.097141
       3 -53.820447
       4 -55.693628
       5 -55.257395
       6 -54.047470
       7 -54.768372
       8 -54.141154
       9 -54.440944
      10 -54.901961
      11 -55.730208
      12 -56.207155
      13 -54.578519
      14 -55.028919
      15 -55.068233
      16 -57.644425
      17 -56.383317
      18 -55.717220
      19 -54.359032
      20 -54.370936
      21 -54.647848
      22 -54.638221
      23 -52.549980
      24 -54.567181
      25 -54.110329
      26 -55.931547
      27 -54.881002
      28 -53.187188
      29 -55.817964
      30 -54.252116
      31 -55.952643
      32 -54.441320
      33 -55.265623
      34 -54.987549
      35 -54.320635
      36 -54.703701
      37 -52.822061
      38 -54.837183
      39 -54.513622
      40 -54.048733
      41 -56.314757
      42 -53.519525
      43 -56.602858
      44 -55.012898
      45 -54.550464
      46 -55.100530
      47 -53.101195
      48 -56.232690
      49 -53.545822
      50 -54.115852
      51 -54.931135
      52 -55.521117
      53 -54.040785
      54 -53.732553
      55 -54.502874
      56 -55.867139
      57 -55.791673
      58 -54.228523
      59 -54.040863
      60 -55.941920
      61 -53.534282
      62 -53.981012
      63 -55.361363
      64 -55.542154
      65 -53.924355
      66 -55.530548
      67 -54.397489
      68 -52.730158
      69 -55.546628
      70 -56.274870
      71 -54.286831
      72 -55.160363
      73 -53.946452
      74 -55.460224
      75 -56.570418
      76 -54.996425
      77 -54.765107
      78 -55.116949
      79 -54.723052
      80 -54.602111
      81 -54.622701
      82 -54.214171
      83 -54.544655
      84 -54.564947
      85 -53.890152
      86 -54.242184
      87 -56.402376
      88 -54.454170
      89 -54.034732
      90 -55.096353
      91 -55.892912
      92 -54.943355
      93 -55.894020
      94 -53.630463
      95 -54.001888
      96 -53.833566
      97 -54.312753
      98 -53.896854
      99 -55.502601
     100 -54.807311
     101 -54.224949
     102 -55.705591
     103 -55.023640
     104 -54.392818
     105 -55.373570
     106 -54.945160
     107 -55.211450
     108 -54.299307
     109 -54.953947
     110 -53.418167
     111 -54.256810
     112 -53.983753
     113 -53.072318
     114 -54.946762
     115 -54.762241
     116 -54.631566
     117 -54.730433
     118 -54.665948
     119 -55.031361
     120 -54.875264
     121 -55.988532
     122 -53.585244
     123 -56.227751
     124 -52.759594
     125 -54.814389
     126 -53.778547
     127 -54.528903
     128 -55.725293
     129 -54.765327
     130 -56.079983
     131 -55.377752
     132 -55.655242
     133 -55.195507
     134 -54.162721
     135 -55.400957
     136 -54.016806
     137 -54.456541
     138 -53.848877
     139 -54.885940
     140 -54.485239
     141 -55.275441
     142 -54.713883
     143 -54.877129
     144 -55.031462
     145 -54.693728
     146 -54.541933
     147 -53.255201
     148 -55.376060
     149 -54.614372
     150 -55.445473
     151 -54.376858
     152 -56.557585
     153 -55.647700
     154 -53.961530
     155 -55.718721
     156 -53.408855
     157 -55.845947
     158 -55.359248
     159 -55.154899
     160 -55.294357
     161 -53.862508
     162 -56.109634
     163 -54.459324
     164 -55.823725
     165 -55.419611
     166 -53.842294
     167 -54.946018
     168 -53.100552
     169 -54.414325
     170 -54.534247
     171 -55.909903
     172 -55.413671
     173 -54.074970
     174 -55.190002
     175 -55.165498
     176 -54.856420
     177 -55.840586
     178 -55.085892
     179 -55.505681
     180 -53.965302
     181 -55.634009
     182 -54.791720
     183 -55.206725
     184 -54.689701
     185 -53.557303
     186 -55.351109
     187 -54.103317
     188 -55.204134
     189 -55.142359
     190 -54.692024
     191 -55.710202
     192 -54.319420
     193 -55.337145
     194 -54.571763
     195 -55.684846
     196 -54.310257
     197 -55.326153
     198 -55.071641
     199 -55.357049
     200 -54.714085
     201 -54.253844
     202 -56.203062
     203 -55.053565
     204 -54.803022
     205 -55.379432
     206 -55.115716
     207 -54.449327
     208 -54.803754
     209 -54.498299
     210 -55.753693
     211 -54.487640
     212 -55.953740
     213 -54.880197
     214 -54.604667
     215 -55.521302
     216 -54.381618
     217 -56.108853
     218 -54.750094
     219 -57.188997
     220 -54.473545
     221 -56.150766
     222 -53.054237
     223 -56.245904
     224 -55.890964
     225 -54.024926
     226 -53.542551
     227 -53.637904
     228 -55.614998
     229 -53.671011
     230 -54.929038
     231 -54.447569
     232 -54.710886
     233 -55.452938
     234 -53.661431
     235 -54.356065
     236 -53.139420
     237 -54.627115
     238 -54.227880
     239 -55.951535
     240 -54.047255
     241 -55.385056
     242 -54.758804
     243 -54.567741
     244 -53.926076
     245 -54.184049
     246 -55.274267
     247 -53.458566
     248 -56.565664
     249 -54.149120
     250 -55.668969
     251 -54.446407
     252 -53.677421
     253 -55.192683
     254 -55.237497
     255 -55.172987
     256 -54.679942
     257 -56.487320
     258 -55.348023
     259 -55.654361
     260 -54.746102
     261 -55.089216
     262 -56.136741
     263 -54.834877
     264 -54.877129
     265 -54.866709
     266 -54.125349
     267 -55.191104
     268 -55.154089
     269 -54.481796
     270 -54.805828
     271 -54.784553
     272 -55.477305
     273 -54.667538
     274 -54.664363
     275 -55.675022
     276 -55.777845
     277 -54.358359
     278 -55.688617
     279 -55.384061
     280 -55.029782
     281 -55.477758
     282 -54.984838
     283 -54.710314
     284 -54.357441
     285 -54.645507
     286 -54.787144
     287 -53.500466
     288 -54.620455
     289 -54.904415
     290 -53.882639
     291 -55.247398
     292 -55.239522
     293 -53.973625
     294 -55.592163
     295 -55.064891
     296 -54.278669
     297 -55.266993
     298 -56.713301
     299 -54.552513
     300 -54.667955
     301 -55.244223
     302 -52.654024
     303 -54.976563
     304 -54.329429
     305 -53.533162
     306 -53.794996
     307 -55.686991
     308 -53.890313
     309 -55.888158
     310 -54.593258
     311 -54.190770
     312 -55.494981
     313 -55.692186
     314 -53.965939
     315 -55.317657
     316 -55.552002
     317 -55.089919
     318 -54.841270
     319 -55.157640
     320 -55.356257
     321 -54.168023
     322 -55.903367
     323 -53.729545
     324 -56.639998
     325 -54.220099
     326 -55.885935
     327 -56.201245
     328 -54.148226
     329 -55.176430
     330 -54.106266
     331 -54.327051
     332 -53.773804
     333 -54.673794
     334 -55.396334
     335 -55.210342
     336 -56.978846
     337 -53.371489
     338 -56.725609
     339 -55.325003
     340 -55.963129
     341 -54.601170
     342 -53.370959
     343 -53.464846
     344 -57.948433
     345 -54.393634
     346 -54.412425
     347 -55.470036
     348 -54.577869
     349 -54.064139
     350 -53.939892
     351 -53.908716
     352 -54.045081
     353 -55.769802
     354 -55.101149
     355 -55.261595
     356 -55.508702
     357 -54.842372
     358 -53.647460
     359 -54.969836
     360 -53.910658
     361 -55.865364
     362 -53.599811
     363 -53.791648
     364 -54.630839
     365 -54.252974
     366 -56.083980
     367 -53.511149
     368 -55.271700
     369 -54.891267
     370 -54.967126
     371 -54.158569
     372 -53.280777
     373 -55.056783
     374 -55.415434
     375 -54.343435
     376 -54.327123
     377 -56.758013
     378 -54.180874
     379 -56.106429
     380 -56.425903
     381 -55.317091
     382 -55.499795
     383 -55.897023
     384 -55.002407
     385 -53.547794
     386 -56.729273
     387 -55.123431
     388 -53.881930
     389 -56.631454
     390 -54.613449
     391 -55.406587
     392 -54.690606
     393 -53.516993
     394 -53.807143
     395 -55.110729
     396 -56.361989
     397 -55.334720
     398 -55.733610
     399 -54.601426
     400 -55.207530
     401 -55.108036
     402 -54.453128
     403 -55.845399
     404 -54.674741
     405 -53.934995
     406 -54.535629
     407 -53.887226
     408 -54.008262
     409 -55.159552
     410 -55.384943
     411 -55.430519
     412 -54.829063
     413 -55.151921
     414 -54.277579
     415 -56.666205
     416 -54.343423
     417 -56.584520
     418 -53.145079
     419 -53.429338
     420 -54.535451
     421 -54.965034
     422 -56.127233
     423 -52.743199
     424 -57.319047
     425 -54.352372
     426 -55.160011
     427 -53.860185
     428 -52.779338
     429 -57.021878
     430 -55.036324
     431 -53.708657
     432 -54.485680
     433 -54.290930
     434 -54.404388
     435 -53.925111
     436 -55.107596
     437 -54.319986
     438 -53.690349
     439 -55.082275
     440 -53.826905
     441 -56.001657
     442 -54.562290
     443 -55.804405
     444 -55.302828
     445 -54.070669
     446 -53.880512
     447 -54.442827
     448 -54.590243
     449 -53.578488
     450 -55.449655
     451 -54.574855
     452 -54.966941
     453 -54.980286
     454 -57.044744
     455 -54.309470
     456 -55.932959
     457 -54.877951
     458 -53.869538
     459 -56.092309
     460 -53.462474
     461 -54.939857
     462 -53.488313
     463 -55.633068
     464 -54.697064
     465 -54.951576
     466 -56.763881
     467 -53.316553
     468 -56.584240
     469 -55.127971
     470 -55.994365
     471 -54.899047
     472 -53.676569
     473 -53.750730
     474 -53.512954
     475 -55.009330
     476 -53.263744
     477 -54.578727
     478 -54.869485
     479 -54.752495
     480 -55.073351
     481 -53.723426
     482 -57.136170
     483 -55.969551
     484 -55.517132
     485 -54.538912
     486 -55.408774
     487 -54.318032
     488 -54.575868
     489 -53.902818
     490 -55.895581
     491 -55.664602
     492 -55.547093
     493 -54.746007
     494 -54.228267
     495 -55.529083
     496 -53.482409
     497 -56.326237
     498 -54.216763
     499 -54.532537
     500 -55.362292
     501 -55.296871
     502 -55.650375
     503 -55.070718
     504 -55.710899
     505 -54.702587
     506 -54.032850
     507 -55.476441
     508 -54.842837
     509 -56.938447
     510 -54.433807
     511 -56.825400
     512 -54.403953
     513 -55.854419
     514 -54.847400
     515 -55.063741
     516 -56.164010
     517 -53.755425
     518 -56.282734
     519 -53.179306
     520 -55.323150
     521 -53.534026
     522 -54.895228
     523 -54.863790
     524 -54.856325
     525 -55.067155
     526 -54.878267
     527 -56.020031
     528 -54.256715
     529 -57.665289
     530 -54.822730
     531 -55.793294
     532 -54.747681
     533 -52.253020
     534 -57.684949
     535 -54.139581
     536 -55.957743
     537 -54.728128
     538 -53.945606
     539 -55.409465
     540 -55.310681
     541 -56.808546
     542 -54.543303
     543 -55.106231
     544 -55.303436
     545 -55.737369
     546 -56.607802
     547 -54.606228
     548 -56.995289
     549 -55.064283
     550 -55.010682
     551 -53.651023
     552 -56.708559
     553 -55.574838
     554 -54.289339
     555 -56.042968
     556 -54.753960
     557 -54.894722
     558 -55.056705
     559 -56.419189
     560 -55.433528
     561 -54.438615
     562 -52.806517
     563 -55.246874
     564 -55.457323
     565 -53.503666
     566 -54.104020
     567 -54.494897
     568 -55.788456
     569 -54.798815
     570 -54.333819
     571 -55.665180
     572 -55.774080
     573 -56.945692
     574 -53.479329
     575 -55.710369
     576 -54.532770
     577 -54.638280
     578 -54.342118
     579 -55.281786
     580 -53.694126
     581 -52.417862
     582 -55.408017
     583 -54.181863
     584 -54.845625
     585 -55.405890
     586 -54.886137
     587 -54.863510
     588 -54.047643
     589 -54.362619
     590 -56.611371
     591 -55.512294
     592 -54.273885
     593 -56.227137
     594 -53.827405
     595 -54.078521
     596 -54.565299
     597 -54.373164
     598 -55.816749
     599 -54.518412
     600 -55.686544
     601 -55.391770
     602 -54.408481
     603 -54.421564
     604 -53.957807
     605 -54.609141
     606 -54.157842
     607 -55.561254
     608 -55.241792
     609 -55.137241
     610 -53.763259
     611 -56.336240
     612 -56.069539
     613 -54.094976
     614 -55.763184
     615 -54.822849
     616 -55.128239
     617 -55.134101
     618 -54.890295
     619 -55.230550
     620 -55.040584
     621 -55.183937
     622 -54.987727
     623 -54.135089
     624 -54.632900
     625 -56.284051
     626 -54.653770
     627 -54.788908
     628 -54.706382
     629 -55.567986
     630 -54.031944
     631 -54.493777
     632 -55.520641
     633 -54.200934
     634 -55.053923
     635 -55.466640
     636 -54.455594
     637 -53.670331
     638 -55.173863
     639 -55.318253
     640 -54.159456
     641 -54.608587
     642 -53.837557
     643 -54.685465
     644 -54.127982
     645 -54.858881
     646 -54.922771
     647 -53.699244
     648 -54.447146
     649 -56.235323
     650 -53.094004
     651 -55.302918
     652 -53.082190
     653 -53.397083
     654 -54.207719
     655 -55.003515
     656 -55.161477
     657 -52.347336
     658 -54.837683
     659 -53.868204
     660 -54.801216
     661 -55.437639
     662 -54.212605
     663 -54.779000
     664 -54.507277
     665 -54.524459
     666 -53.863253
     667 -55.558651
     668 -54.509898
     669 -55.363269
     670 -54.934263
     671 -54.463250
     672 -56.332296
     673 -55.015061
     674 -55.609756
     675 -54.159569
     676 -55.717744
     677 -54.551090
     678 -54.438275
     679 -54.451013
     680 -55.361964
     681 -55.089002
     682 -54.358150
     683 -54.566955
     684 -53.187081
     685 -56.418348
     686 -54.537149
     687 -54.088947
     688 -54.949539
     689 -54.202119
     690 -55.939930
     691 -55.373629
     692 -55.444764
     693 -53.989383
     694 -55.107095
     695 -55.814890
     696 -54.256572
     697 -54.762223
     698 -54.480730
     699 -54.484870
     700 -55.606539
     701 -54.124133
     702 -54.142024
     703 -54.892881
     704 -55.377544
     705 -54.725590
     706 -53.055077
     707 -56.712258
     708 -54.621080
     709 -55.143854
     710 -54.133147
     711 -54.131866
     712 -54.958064
     713 -54.724654
     714 -54.375535
     715 -54.998791
     716 -55.019911
     717 -55.838214
     718 -53.900280
     719 -55.186052
     720 -54.866894
     721 -54.015430
     722 -54.722837
     723 -54.112677
     724 -57.206697
     725 -52.644129
     726 -55.353796
     727 -54.648986
     728 -55.059172
     729 -55.575374
     730 -54.523666
     731 -55.116973
     732 -56.521136
     733 -53.993660
     734 -54.447408
     735 -54.840823
     736 -54.616832
     737 -54.159986
     738 -55.323603
     739 -55.164432
     740 -55.182203
     741 -55.361071
     742 -54.992035
     743 -55.857982
     744 -54.102155
     745 -55.490626
     746 -55.344544
     747 -55.173243
     748 -55.494546
     749 -53.484542
     750 -55.087804
     751 -55.211402
     752 -56.298587
     753 -54.774598
     754 -53.306276
     755 -54.497351
     756 -55.082746
     757 -54.903325
     758 -54.888621
     759 -53.856622
     760 -56.104761
     761 -55.108036
     762 -54.811303
     763 -55.402995
     764 -53.874894
     765 -55.594993
     766 -54.223549
     767 -55.630846
     768 -54.362047
     769 -56.649893
     770 -55.243788
     771 -53.148529
     772 -54.963045
     773 -53.996288
     774 -54.551310
     775 -54.597476
     776 -53.658500
     777 -55.023616
     778 -55.099845
     779 -55.101626
     780 -55.000834
     781 -54.114279
     782 -54.352937
     783 -55.438133
     784 -56.073274
     785 -54.931809
     786 -54.955014
     787 -56.688505
     788 -55.128960
     789 -55.567986
     790 -54.274719
     791 -53.690051
     792 -54.203013
     793 -54.911308
     794 -54.383774
     795 -54.845953
     796 -54.491155
     797 -54.161488
     798 -56.192624
     799 -55.271789
     800 -54.174118
     801 -53.688294
     802 -55.736207
     803 -54.233850
     804 -56.573599
     805 -55.315971
     806 -53.638375
     807 -56.222162
     808 -53.721603
     809 -57.340477
     810 -53.785088
     811 -54.804714
     812 -54.664285
     813 -55.190794
     814 -54.329369
     815 -54.729927
     816 -57.133197
     817 -54.575868
     818 -55.341577
     819 -53.515307
     820 -56.025524
     821 -53.441932
     822 -54.762617
     823 -54.042906
     824 -54.546544
     825 -54.072713
     826 -53.552787
     827 -54.135780
     828 -53.812869
     829 -55.679389
     830 -54.017306
     831 -56.700688
     832 -54.757005
     833 -56.039476
     834 -54.577655
     835 -56.172350
     836 -53.027588
     837 -53.681913
     838 -54.346593
     839 -55.118808
     840 -55.218408
     841 -54.164556
     842 -54.950843
     843 -55.627367
     844 -54.697720
     845 -53.984468
     846 -56.251599
     847 -55.136955
     848 -53.092598
     849 -54.781264
     850 -54.475511
     851 -55.859471
     852 -53.156119
     853 -54.954829
     854 -53.803039
     855 -54.999374
     856 -54.165569
     857 -55.703875
     858 -55.598746
     859 -54.461838
     860 -57.086793
     861 -57.177844
     862 -55.204712
     863 -54.808997
     864 -55.113756
     865 -55.097259
     866 -53.632673
     867 -55.458812
     868 -53.441795
     869 -55.097330
     870 -54.066868
     871 -54.139111
     872 -54.038152
     873 -54.490697
     874 -54.050187
     875 -55.046148
     876 -54.244853
     877 -54.697249
     878 -55.581588
     879 -55.384866
     880 -56.423859
     881 -54.677642
     882 -55.542047
     883 -52.956710
     884 -55.833341
     885 -55.907502
     886 -54.584435
     887 -56.294316
     888 -54.855813
     889 -53.728246
     890 -53.639483
     891 -56.160250
     892 -52.984544
     893 -56.694838
     894 -54.562236
     895 -53.653209
     896 -54.978308
     897 -53.344930
     898 -55.573152
     899 -54.972827
     900 -55.333248
     901 -55.213148
     902 -55.207428
     903 -55.703815
     904 -54.775021
     905 -56.467761
     906 -54.770767
     907 -55.365390
     908 -54.320409
     909 -54.691041
     910 -54.166302
     911 -54.438692
     912 -53.017192
     913 -53.948596
     914 -54.589618
     915 -53.866184
     916 -55.163222
     917 -54.079230
     918 -54.238109
     919 -54.944195
     920 -54.473533
     921 -56.122747
     922 -54.103597
     923 -55.112570
     924 -54.395374
     925 -55.282245
     926 -53.938135
     927 -54.965404
     928 -53.985635
     929 -52.967708
     930 -55.802534
     931 -54.100005
     932 -54.963694
     933 -55.063884
     934 -55.515899
     935 -54.191258
     936 -56.380368
     937 -54.588951
     938 -55.643589
     939 -57.341948
     940 -55.721093
     941 -54.209691
     942 -54.201958
     943 -55.018284
     944 -55.610780
     945 -54.400134
     946 -55.099040
     947 -54.230686
     948 -54.619090
     949 -55.481499
     950 -53.179241
     951 -54.707621
     952 -54.099290
     953 -53.466543
     954 -54.784952
     955 -54.761240
     956 -55.393296
     957 -56.135764
     958 -53.670999
     959 -54.637095
     960 -55.075615
     961 -54.844207
     962 -54.201476
     963 -56.665145
     964 -52.943430
     965 -53.418096
     966 -54.153123
     967 -54.299342
     968 -53.625202
     969 -55.598478
     970 -53.811713
     971 -54.808920
     972 -55.750720
     973 -54.002150
     974 -55.709630
     975 -55.084813
     976 -56.464520
     977 -55.024992
     978 -55.372885
     979 -54.966542
     980 -55.829725
     981 -55.982503
     982 -54.558584
     983 -54.965195
     984 -54.876253
     985 -55.812567
     986 -54.185616
     987 -55.635296
     988 -55.545746
     989 -53.494294
     990 -55.748897
     991 -53.850652
     992 -54.781765
     993 -54.420867
     994 -54.108292
     995 -55.935688
     996 -54.036692
     997 -54.308285
     998 -54.276834
     999 -55.165111
    1000 -53.941006
