       1 -47.192473
       2 -47.129471
       3 -47.831154
       4 -48.375178
       5 -47.837338
       6 -48.247172
       7 -46.562527
       8 -49.739467
       9 -47.940197
      10 -47.148375
      11 -47.281594
      12 -47.552114
      13 -48.129293
      14 -47.312258
      15 -48.435464
      16 -47.428111
      17 -49.436055
      18 -46.874036
      19 -47.790534
      20 -47.319390
      21 -47.492984
      22 -47.086445
      23 -49.315257
      24 -48.109788
      25 -48.760604
      26 -47.788932
      27 -47.202292
      28 -49.038767
      29 -48.262989
      30 -47.930569
      31 -47.203954
      32 -47.824654
      33 -47.836462
      34 -47.780031
      35 -47.435850
      36 -47.396559
      37 -49.100376
      38 -47.241064
      39 -46.441187
      40 -47.185527
      41 -48.307976
      42 -47.634044
      43 -49.016718
      44 -47.407450
      45 -47.667002
      46 -47.989467
      47 -47.537423
      48 -47.286486
      49 -47.357364
      50 -47.554456
      51 -48.264014
      52 -48.260547
      53 -47.264966
      54 -49.020942
      55 -48.030426
      56 -47.900864
      57 -48.333629
      58 -47.873507
      59 -48.971833
      60 -47.684786
      61 -48.253302
      62 -46.457166
      63 -47.505198
      64 -47.893149
      65 -47.480545
      66 -49.405945
      67 -47.666537
      68 -47.431418
      69 -47.621027
      70 -48.925411
      71 -49.468917
      72 -47.849253
      73 -49.145666
      74 -47.534104
      75 -47.490792
      76 -46.960827
      77 -48.043175
      78 -46.714019
      79 -47.801377
      80 -48.142025
      81 -48.208489
      82 -47.808949
      83 -47.553556
      84 -46.835192
      85 -47.116043
      86 -47.985279
      87 -48.716070
      88 -48.623595
      89 -47.755336
      90 -46.276988
      91 -48.508177
      92 -49.472766
      93 -48.413105
      94 -49.521911
      95 -47.400116
      96 -47.547860
      97 -48.622070
      98 -47.748598
      99 -48.342983
     100 -48.014799
     101 -47.500634
     102 -47.828967
     103 -47.405383
     104 -48.272700
     105 -47.609040
     106 -47.652138
     107 -48.365711
     108 -47.051473
     109 -48.818590
     110 -46.857915
     111 -49.449328
     112 -47.633293
     113 -47.886077
     114 -49.317604
     115 -48.032892
     116 -48.498842
     117 -46.683712
     118 -47.624554
     119 -47.576797
     120 -48.459396
     121 -46.561330
     122 -49.038922
     123 -48.313391
     124 -47.911499
     125 -48.357609
     126 -47.881401
     127 -47.406973
     128 -47.062346
     129 -47.564018
     130 -47.726996
     131 -47.812804
     132 -47.625721
     133 -47.504435
     134 -49.741421
     135 -48.779293
     136 -47.498275
     137 -48.246409
     138 -48.185957
     139 -48.088561
     140 -48.480182
     141 -46.492501
     142 -47.554646
     143 -47.396643
     144 -48.851238
     145 -47.464447
     146 -48.695063
     147 -47.186677
     148 -48.940853
     149 -49.071237
     150 -47.504220
     151 -48.604245
     152 -47.314076
     153 -47.654044
     154 -47.687770
     155 -48.156252
     156 -48.073512
     157 -46.349350
     158 -47.992595
     159 -48.895795
     160 -49.390901
     161 -46.507741
     162 -46.756336
     163 -48.519830
     164 -47.280498
     165 -49.801164
     166 -47.492931
     167 -48.549029
     168 -46.802234
     169 -47.777862
     170 -46.575712
     171 -47.865226
     172 -47.058027
     173 -47.589147
     174 -49.460940
     175 -48.510864
     176 -48.960633
     177 -48.222358
     178 -47.656886
     179 -47.546425
     180 -47.546067
     181 -46.870086
     182 -49.255055
     183 -47.697130
     184 -47.585882
     185 -47.773978
     186 -46.411167
     187 -48.106702
     188 -47.806751
     189 -48.669064
     190 -47.124419
     191 -48.993239
     192 -46.679935
     193 -48.385491
     194 -48.178676
     195 -48.319146
     196 -47.791279
     197 -48.163091
     198 -48.630661
     199 -48.499592
     200 -48.782492
     201 -48.165891
     202 -47.422350
     203 -49.036283
     204 -48.656577
     205 -49.221567
     206 -47.069323
     207 -49.287458
     208 -47.358728
     209 -48.162531
     210 -46.916985
     211 -46.977443
     212 -47.723790
     213 -46.621270
     214 -48.648796
     215 -48.117974
     216 -48.484555
     217 -48.065612
     218 -47.905875
     219 -48.023533
     220 -47.312026
     221 -49.128007
     222 -46.328075
     223 -48.544251
     224 -47.955192
     225 -49.404991
     226 -47.946464
     227 -47.367135
     228 -47.148750
     229 -47.499073
     230 -49.153351
     231 -47.422463
     232 -47.894311
     233 -47.248970
     234 -47.155321
     235 -48.084992
     236 -46.645142
     237 -47.929628
     238 -48.360832
     239 -47.621456
     240 -47.901889
     241 -47.725983
     242 -48.658382
     243 -47.807001
     244 -48.767497
     245 -48.907764
     246 -49.373767
     247 -47.401588
     248 -46.436666
     249 -46.487729
     250 -47.423315
     251 -48.742761
     252 -46.596790
     253 -48.189972
     254 -47.942228
     255 -48.289656
     256 -48.170675
     257 -47.850689
     258 -48.251980
     259 -48.405300
     260 -48.466033
     261 -47.553365
     262 -46.977032
     263 -47.253426
     264 -47.382881
     265 -48.553491
     266 -46.993595
     267 -46.931337
     268 -49.037320
     269 -48.991130
     270 -48.520432
     271 -46.999141
     272 -47.587997
     273 -47.383470
     274 -49.820837
     275 -47.122936
     276 -48.988848
     277 -46.974947
     278 -47.902729
     279 -48.657322
     280 -46.936979
     281 -48.593980
     282 -48.213821
     283 -48.446075
     284 -46.694990
     285 -48.096157
     286 -47.916241
     287 -49.479689
     288 -47.773877
     289 -48.260678
     290 -47.970718
     291 -46.870545
     292 -48.108614
     293 -49.080781
     294 -47.756063
     295 -47.433038
     296 -47.174124
     297 -48.082841
     298 -48.244139
     299 -48.135436
     300 -49.855475
     301 -47.740007
     302 -46.522831
     303 -47.746465
     304 -48.234035
     305 -48.865691
     306 -47.128798
     307 -47.664071
     308 -47.470298
     309 -48.044974
     310 -46.926916
     311 -49.062395
     312 -49.660760
     313 -49.503710
     314 -47.586210
     315 -47.661396
     316 -48.548368
     317 -48.899316
     318 -46.999743
     319 -48.168250
     320 -46.799166
     321 -48.746627
     322 -47.933798
     323 -48.246784
     324 -49.576316
     325 -47.186975
     326 -48.647902
     327 -47.674062
     328 -47.946637
     329 -46.915621
     330 -48.102210
     331 -48.651578
     332 -46.684141
     333 -48.313099
     334 -47.119421
     335 -48.632347
     336 -48.913829
     337 -48.659669
     338 -49.077170
     339 -48.677256
     340 -48.216126
     341 -47.382607
     342 -46.876294
     343 -47.278717
     344 -48.334565
     345 -48.085052
     346 -47.106403
     347 -48.831071
     348 -47.409928
     349 -47.591334
     350 -48.098141
     351 -48.638841
     352 -47.759781
     353 -47.445954
     354 -49.507124
     355 -48.349536
     356 -49.764578
     357 -47.223090
     358 -50.215526
     359 -48.634742
     360 -47.241011
     361 -47.911743
     362 -47.940947
     363 -48.394517
     364 -48.199373
     365 -47.358812
     366 -48.117455
     367 -50.663740
     368 -46.568384
     369 -50.639951
     370 -48.553408
     371 -49.210867
     372 -48.899626
     373 -49.423919
     374 -47.724124
     375 -47.985755
     376 -48.377704
     377 -47.322708
     378 -49.041943
     379 -47.553282
     380 -47.735581
     381 -46.882418
     382 -48.836945
     383 -46.146164
     384 -48.800347
     385 -49.505050
     386 -48.312617
     387 -48.659758
     388 -45.610658
     389 -48.120273
     390 -48.313659
     391 -48.260529
     392 -46.983890
     393 -46.878814
     394 -47.506216
     395 -48.092487
     396 -49.250008
     397 -48.972375
     398 -47.014423
     399 -47.317787
     400 -47.736754
     401 -47.782986
     402 -48.149091
     403 -46.590147
     404 -47.670082
     405 -49.875725
     406 -47.948019
     407 -48.188244
     408 -46.856479
     409 -47.303167
     410 -48.502160
     411 -48.894586
     412 -47.035048
     413 -47.608545
     414 -46.713763
     415 -48.419116
     416 -47.845661
     417 -48.272682
     418 -48.250002
     419 -47.322565
     420 -50.009373
     421 -47.582355
     422 -47.424805
     423 -47.557333
     424 -47.605209
     425 -47.360706
     426 -46.913380
     427 -49.457717
     428 -47.537256
     429 -48.371449
     430 -48.118432
     431 -48.755712
     432 -47.458049
     433 -47.730219
     434 -47.564935
     435 -48.850267
     436 -48.721355
     437 -48.562094
     438 -47.660049
     439 -47.648587
     440 -48.448869
     441 -48.851065
     442 -48.118492
     443 -47.276745
     444 -48.076443
     445 -48.125105
     446 -47.201964
     447 -48.571668
     448 -47.884820
     449 -48.823302
     450 -46.942299
     451 -48.127137
     452 -47.820787
     453 -48.630524
     454 -47.733072
     455 -47.765625
     456 -46.777039
     457 -47.938517
     458 -47.743028
     459 -46.994435
     460 -48.317210
     461 -47.759715
     462 -47.415695
     463 -47.505799
     464 -47.818136
     465 -47.537411
     466 -46.449862
     467 -48.045052
     468 -48.327946
     469 -49.622399
     470 -47.769188
     471 -47.895913
     472 -47.025689
     473 -48.607307
     474 -48.824387
     475 -47.039135
     476 -48.233415
     477 -48.560110
     478 -46.160939
     479 -49.361590
     480 -49.030701
     481 -47.958743
     482 -48.548558
     483 -48.352384
     484 -47.521849
     485 -48.105510
     486 -46.301111
     487 -47.936765
     488 -47.995806
     489 -47.927155
     490 -47.671941
     491 -48.331794
     492 -48.153386
     493 -48.492544
     494 -47.916992
     495 -48.155072
     496 -47.561658
     497 -47.780859
     498 -48.507945
     499 -48.022425
     500 -48.031498
     501 -47.926381
     502 -48.206469
     503 -47.879655
     504 -46.379353
     505 -49.229026
     506 -46.526174
     507 -48.776505
     508 -46.321945
     509 -48.980019
     510 -48.386623
     511 -48.704691
     512 -48.518883
     513 -48.191390
     514 -47.860567
     515 -49.418247
     516 -48.647045
     517 -47.348952
     518 -47.961406
     519 -47.314683
     520 -48.966114
     521 -47.125867
     522 -47.637279
     523 -46.840947
     524 -47.605227
     525 -47.530643
     526 -48.279701
     527 -48.112213
     528 -48.484978
     529 -47.542070
     530 -48.328119
     531 -48.436477
     532 -47.648623
     533 -48.113863
     534 -47.657565
     535 -47.974138
     536 -47.594163
     537 -48.863379
     538 -48.645019
     539 -47.256095
     540 -47.289476
     541 -48.486182
     542 -49.095508
     543 -49.019828
     544 -48.060804
     545 -47.880084
     546 -47.547116
     547 -47.959708
     548 -47.711845
     549 -48.111283
     550 -48.344258
     551 -47.233295
     552 -48.064641
     553 -48.618758
     554 -49.164927
     555 -48.288625
     556 -47.015000
     557 -47.728991
     558 -46.602051
     559 -48.195203
     560 -47.693960
     561 -48.751083
     562 -46.267349
     563 -47.505740
     564 -48.078790
     565 -48.182799
     566 -48.902337
     567 -48.732829
     568 -47.985058
     569 -47.230841
     570 -48.321512
     571 -48.951994
     572 -48.444001
     573 -49.054007
     574 -46.811761
     575 -48.157539
     576 -47.811088
     577 -48.442619
     578 -48.839650
     579 -47.037413
     580 -48.384282
     581 -47.929074
     582 -49.053501
     583 -47.748151
     584 -48.095662
     585 -47.514146
     586 -47.400027
     587 -47.996991
     588 -48.071760
     589 -48.732162
     590 -47.073511
     591 -47.946494
     592 -47.701050
     593 -48.091319
     594 -47.335070
     595 -47.817076
     596 -47.692417
     597 -47.993673
     598 -48.411008
     599 -47.461754
     600 -47.429499
     601 -48.770994
     602 -47.608087
     603 -48.972774
     604 -49.349305
     605 -48.108120
     606 -48.634629
     607 -47.052593
     608 -47.130794
     609 -46.403017
     610 -48.945560
     611 -47.947310
     612 -48.122370
     613 -48.758959
     614 -48.198188
     615 -48.046321
     616 -47.561718
     617 -48.825959
     618 -47.697559
     619 -48.995127
     620 -49.405635
     621 -46.804182
     622 -46.674049
     623 -48.568767
     624 -48.213124
     625 -49.157343
     626 -48.549261
     627 -47.763963
     628 -46.315612
     629 -48.709231
     630 -46.886654
     631 -47.464501
     632 -47.527187
     633 -47.211651
     634 -48.249757
     635 -47.131211
     636 -48.418985
     637 -48.461421
     638 -47.862408
     639 -48.529077
     640 -47.775092
     641 -47.989830
     642 -48.226278
     643 -46.737200
     644 -47.282792
     645 -47.443822
     646 -48.012594
     647 -48.222120
     648 -49.443013
     649 -46.806917
     650 -48.793436
     651 -47.610059
     652 -48.116842
     653 -47.689975
     654 -46.768621
     655 -47.347325
     656 -47.969455
     657 -48.340094
     658 -48.741915
     659 -48.778685
     660 -48.074798
     661 -48.065105
     662 -48.811387
     663 -45.590593
     664 -47.901788
     665 -47.774746
     666 -47.511584
     667 -48.678537
     668 -47.286074
     669 -49.029128
     670 -46.466931
     671 -47.840239
     672 -47.946560
     673 -48.293939
     674 -47.900495
     675 -47.987709
     676 -47.979303
     677 -48.289483
     678 -48.172737
     679 -47.334224
     680 -48.935003
     681 -47.994382
     682 -49.130909
     683 -46.395480
     684 -47.861371
     685 -48.392140
     686 -47.908407
     687 -48.234893
     688 -48.889849
     689 -47.068024
     690 -47.756051
     691 -47.467074
     692 -48.588111
     693 -48.125355
     694 -47.076472
     695 -48.556732
     696 -47.414146
     697 -48.764125
     698 -48.559985
     699 -48.560879
     700 -47.685167
     701 -48.308798
     702 -48.819060
     703 -48.106857
     704 -49.696893
     705 -48.014906
     706 -47.789104
     707 -48.474552
     708 -48.005362
     709 -47.155601
     710 -48.379962
     711 -47.540598
     712 -48.207714
     713 -47.648027
     714 -47.169340
     715 -47.833310
     716 -48.669332
     717 -47.963467
     718 -47.485740
     719 -48.026249
     720 -47.944153
     721 -48.802546
     722 -47.120439
     723 -47.839709
     724 -47.753877
     725 -48.534028
     726 -47.333944
     727 -48.684125
     728 -47.623940
     729 -48.362965
     730 -48.619979
     731 -47.351805
     732 -49.045315
     733 -48.215656
     734 -48.284937
     735 -47.512007
     736 -47.870945
     737 -48.251271
     738 -48.864678
     739 -48.287809
     740 -47.628670
     741 -48.877404
     742 -48.198557
     743 -48.318431
     744 -47.573341
     745 -47.462094
     746 -47.557428
     747 -47.508528
     748 -46.818260
     749 -47.247999
     750 -48.035609
     751 -48.824035
     752 -48.222221
     753 -48.361267
     754 -46.577171
     755 -48.042353
     756 -47.291222
     757 -47.903319
     758 -46.493782
     759 -47.539418
     760 -47.500259
     761 -48.720425
     762 -49.570060
     763 -48.550417
     764 -47.209888
     765 -47.130585
     766 -48.070795
     767 -46.837093
     768 -48.741658
     769 -48.226207
     770 -47.465573
     771 -46.538518
     772 -48.292319
     773 -48.980728
     774 -48.500903
     775 -47.972404
     776 -47.739703
     777 -46.793083
     778 -47.437155
     779 -49.308501
     780 -48.122954
     781 -48.721015
     782 -48.191342
     783 -46.626543
     784 -48.497465
     785 -48.525145
     786 -47.066344
     787 -46.614204
     788 -47.606990
     789 -49.142419
     790 -47.278985
     791 -47.203704
     792 -48.336829
     793 -48.370978
     794 -46.152789
     795 -47.795354
     796 -46.031484
     797 -47.402982
     798 -48.486640
     799 -47.925166
     800 -49.348334
     801 -47.772673
     802 -47.507271
     803 -48.208703
     804 -48.859084
     805 -48.088942
     806 -48.629052
     807 -48.197199
     808 -48.195251
     809 -47.418400
     810 -47.563910
     811 -48.513009
     812 -49.080858
     813 -47.317358
     814 -47.260695
     815 -46.991235
     816 -48.019368
     817 -48.199302
     818 -46.918349
     819 -48.888265
     820 -48.908503
     821 -47.061500
     822 -46.769878
     823 -47.534891
     824 -46.936889
     825 -48.532884
     826 -46.396779
     827 -48.218277
     828 -47.961162
     829 -47.666930
     830 -47.391996
     831 -47.337394
     832 -48.604888
     833 -48.362459
     834 -46.946732
     835 -47.575349
     836 -48.907919
     837 -48.036229
     838 -49.663232
     839 -47.492984
     840 -49.238528
     841 -48.140917
     842 -47.990194
     843 -48.452795
     844 -48.342000
     845 -46.984146
     846 -48.145969
     847 -49.132988
     848 -49.007406
     849 -47.742378
     850 -47.548361
     851 -47.903212
     852 -49.650280
     853 -47.837713
     854 -49.124218
     855 -48.586330
     856 -47.657547
     857 -47.821431
     858 -48.451121
     859 -47.148554
     860 -48.082222
     861 -47.505680
     862 -47.409297
     863 -46.988507
     864 -47.930242
     865 -48.137318
     866 -47.767353
     867 -47.662599
     868 -47.651155
     869 -48.440153
     870 -46.829151
     871 -48.821193
     872 -47.086487
     873 -48.691882
     874 -48.769933
     875 -48.213612
     876 -47.671226
     877 -47.199730
     878 -47.682248
     879 -46.801209
     880 -47.450298
     881 -48.113940
     882 -48.452211
     883 -48.027495
     884 -47.130269
     885 -48.367147
     886 -47.961287
     887 -47.769176
     888 -46.897265
     889 -48.560212
     890 -47.256894
     891 -48.445133
     892 -47.802658
     893 -47.482767
     894 -49.017165
     895 -47.511394
     896 -49.431050
     897 -47.693782
     898 -48.442136
     899 -47.733942
     900 -47.497566
     901 -48.098474
     902 -48.353683
     903 -47.826614
     904 -48.735176
     905 -47.709575
     906 -47.733501
     907 -46.735544
     908 -46.868793
     909 -47.927656
     910 -48.422857
     911 -47.822872
     912 -47.559210
     913 -47.813078
     914 -47.128554
     915 -48.437305
     916 -48.277103
     917 -46.933172
     918 -47.807514
     919 -46.759607
     920 -49.769869
     921 -49.036569
     922 -47.702599
     923 -47.078164
     924 -47.649951
     925 -46.804766
     926 -47.751631
     927 -49.069229
     928 -48.211771
     929 -48.424543
     930 -46.273128
     931 -50.126406
     932 -47.980423
     933 -48.323132
     934 -48.597584
     935 -47.944748
     936 -49.306189
     937 -47.071849
     938 -48.665019
     939 -48.146398
     940 -48.266236
     941 -47.083680
     942 -47.835032
     943 -48.696809
     944 -47.979565
     945 -46.729140
     946 -46.170632
     947 -48.205444
     948 -47.160338
     949 -48.416519
     950 -47.311216
     951 -48.162156
     952 -47.699179
     953 -47.299771
     954 -48.066130
     955 -46.688073
     956 -47.741920
     957 -47.015042
     958 -47.644982
     959 -48.515881
     960 -48.344538
     961 -47.761598
     962 -49.610453
     963 -47.573663
     964 -47.758827
     965 -47.585048
     966 -49.225832
     967 -49.108621
     968 -47.847221
     969 -48.285897
     970 -47.314921
     971 -48.897350
     972 -48.567635
     973 -48.274184
     974 -48.400612
     975 -47.764446
     976 -48.967823
     977 -47.360718
     978 -48.302131
     979 -48.248643
     980 -47.709260
     981 -47.363506
     982 -48.780216
     983 -47.919393
     984 -48.774080
     985 -47.621837
     986 -48.942867
     987 -47.399324
     988 -47.320123
     989 -48.125546
     990 -48.178772
     991 -47.112522
     992 -48.543083
     993 -49.091868
     994 -48.081936
     995 -47.867364
     996 -46.957926
     997 -48.464561
     998 -47.407212
     999 -48.817124
    1000 -47.932398
